INFO:pygls.server:Starting server on 127.0.0.1:12087
DEBUG:pygls.protocol:Received b'Content-Length: 2652\r\n\r\n{"jsonrpc":"2.0","id":0,"method":"initialize","params":{"processId":3504,"rootPath":"/home/zzy/code/test","rootUri":"file:///home/zzy/code/test","capabilities":{"workspace":{"applyEdit":true,"workspaceEdit":{"documentChanges":true,"resourceOperations":["create","rename","delete"],"failureHandling":"textOnlyTransactional"},"didChangeConfiguration":{"dynamicRegistration":true},"didChangeWatchedFiles":{"dynamicRegistration":true},"symbol":{"dynamicRegistration":true,"symbolKind":{"valueSet":[1,2,3,4,5,6,7,8,9,10,11,12,13,14,15,16,17,18,19,20,21,22,23,24,25,26]}},"executeCommand":{"dynamicRegistration":true},"configuration":true,"workspaceFolders":true},"textDocument":{"publishDiagnostics":{"relatedInformation":true},"synchronization":{"dynamicRegistration":true,"willSave":true,"willSaveWaitUntil":true,"didSave":true},"completion":{"dynamicRegistration":true,"contextSupport":true,"completionItem":{"snippetSupport":true,"commitCharactersSupport":true,"documentationFormat":["markdown","plaintext"],"deprecatedSupport":true,"preselectSupport":true},"completionItemKind":{"valueSet":[1,2,3,4,5,6,7,8,9,10,11,12,13,14,15,16,17,18,19,20,21,22,23,24,25]}},"hover":{"dynamicRegistration":true,"contentFormat":["markdown","plaintext"]},"signatureHelp":{"dynamicRegistration":true,"signatureInformation":{"documentationFormat":["markdown","plaintext"],"parameterInformation":{"labelOffsetSupport":true}}},"definition":{"dynamicRegistration":true,"linkSupport":true},"references":{"dynamicRegistration":true},"documentHighlight":{"dynamicRegistration":true},"documentSymbol":{"dynamicRegistration":true,"symbolKind":{"valueSet":[1,2,3,4,5,6,7,8,9,10,11,12,13,14,15,16,17,18,19,20,21,22,23,24,25,26]},"hierarchicalDocumentSymbolSupport":true},"codeAction":{"dynamicRegistration":true,"codeActionLiteralSupport":{"codeActionKind":{"valueSet":["","quickfix","refactor","refactor.extract","refactor.inline","refactor.rewrite","source","source.organizeImports"]}}},"codeLens":{"dynamicRegistration":true},"formatting":{"dynamicRegistration":true},"rangeFormatting":{"dynamicRegistration":true},"onTypeFormatting":{"dynamicRegistration":true},"rename":{"dynamicRegistration":true,"prepareSupport":true},"documentLink":{"dynamicRegistration":true},"typeDefinition":{"dynamicRegistration":true,"linkSupport":true},"implementation":{"dynamicRegistration":true,"linkSupport":true},"colorProvider":{"dynamicRegistration":true},"foldingRange":{"dynamicRegistration":true,"rangeLimit":5000,"lineFoldingOnly":true},"declaration":{"dynamicRegistration":true,"linkSupport":true}}},"trace":"off","workspaceFolders":[{"uri":"file:///home/zzy/code/test","name":"test"}]}}'
DEBUG:pygls.protocol:Request message received.
INFO:pygls.protocol:Language server initialized Object(processId=3504, rootPath='/home/zzy/code/test', rootUri='file:///home/zzy/code/test', capabilities=Object(workspace=Object(applyEdit=True, workspaceEdit=Object(documentChanges=True, resourceOperations=['create', 'rename', 'delete'], failureHandling='textOnlyTransactional'), didChangeConfiguration=Object(dynamicRegistration=True), didChangeWatchedFiles=Object(dynamicRegistration=True), symbol=Object(dynamicRegistration=True, symbolKind=Object(valueSet=[1, 2, 3, 4, 5, 6, 7, 8, 9, 10, 11, 12, 13, 14, 15, 16, 17, 18, 19, 20, 21, 22, 23, 24, 25, 26])), executeCommand=Object(dynamicRegistration=True), configuration=True, workspaceFolders=True), textDocument=Object(publishDiagnostics=Object(relatedInformation=True), synchronization=Object(dynamicRegistration=True, willSave=True, willSaveWaitUntil=True, didSave=True), completion=Object(dynamicRegistration=True, contextSupport=True, completionItem=Object(snippetSupport=True, commitCharactersSupport=True, documentationFormat=['markdown', 'plaintext'], deprecatedSupport=True, preselectSupport=True), completionItemKind=Object(valueSet=[1, 2, 3, 4, 5, 6, 7, 8, 9, 10, 11, 12, 13, 14, 15, 16, 17, 18, 19, 20, 21, 22, 23, 24, 25])), hover=Object(dynamicRegistration=True, contentFormat=['markdown', 'plaintext']), signatureHelp=Object(dynamicRegistration=True, signatureInformation=Object(documentationFormat=['markdown', 'plaintext'], parameterInformation=Object(labelOffsetSupport=True))), definition=Object(dynamicRegistration=True, linkSupport=True), references=Object(dynamicRegistration=True), documentHighlight=Object(dynamicRegistration=True), documentSymbol=Object(dynamicRegistration=True, symbolKind=Object(valueSet=[1, 2, 3, 4, 5, 6, 7, 8, 9, 10, 11, 12, 13, 14, 15, 16, 17, 18, 19, 20, 21, 22, 23, 24, 25, 26]), hierarchicalDocumentSymbolSupport=True), codeAction=Object(dynamicRegistration=True, codeActionLiteralSupport=Object(codeActionKind=Object(valueSet=['', 'quickfix', 'refactor', 'refactor.extract', 'refactor.inline', 'refactor.rewrite', 'source', 'source.organizeImports']))), codeLens=Object(dynamicRegistration=True), formatting=Object(dynamicRegistration=True), rangeFormatting=Object(dynamicRegistration=True), onTypeFormatting=Object(dynamicRegistration=True), rename=Object(dynamicRegistration=True, prepareSupport=True), documentLink=Object(dynamicRegistration=True), typeDefinition=Object(dynamicRegistration=True, linkSupport=True), implementation=Object(dynamicRegistration=True, linkSupport=True), colorProvider=Object(dynamicRegistration=True), foldingRange=Object(dynamicRegistration=True, rangeLimit=5000, lineFoldingOnly=True), declaration=Object(dynamicRegistration=True, linkSupport=True))), trace='off', workspaceFolders=[Object(uri='file:///home/zzy/code/test', name='test')])
DEBUG:pygls.protocol:Server capabilities: {'textDocumentSync': 2, 'hoverProvider': False, 'completionProvider': <pygls.types.CompletionOptions object at 0x7f555f71dd90>, 'definitionProvider': False, 'referencesProvider': False, 'documentHighlightProvider': False, 'documentSymbolProvider': False, 'workspaceSymbolProvider': False, 'codeActionProvider': False, 'documentFormattingProvider': False, 'documentRangeFormattingProvider': False, 'renameProvider': False, 'executeCommandProvider': <pygls.types.ExecuteCommandOptions object at 0x7f555f71d3d0>, 'workspace': {'workspaceFolders': {'supported': True, 'changeNotifications': True}}}
INFO:pygls.protocol:Sending data: {"id": 0, "jsonrpc": "2.0", "result": {"capabilities": {"textDocumentSync": 2, "hoverProvider": false, "completionProvider": {"resolveProvider": false, "triggerCharacters": [","]}, "definitionProvider": false, "referencesProvider": false, "documentHighlightProvider": false, "documentSymbolProvider": false, "workspaceSymbolProvider": false, "codeActionProvider": false, "documentFormattingProvider": false, "documentRangeFormattingProvider": false, "renameProvider": false, "executeCommandProvider": {"commands": []}, "workspace": {"workspaceFolders": {"supported": true, "changeNotifications": true}}}}}
DEBUG:pygls.protocol:Received b'Content-Length: 52\r\n\r\n'
DEBUG:pygls.protocol:Received b'{"jsonrpc":"2.0","method":"initialized","params":{}}Content-Length: 180\r\n\r\n{"jsonrpc":"2.0","method":"textDocument/didOpen","params":{"textDocument":{"uri":"file:///home/zzy/code/test/test.txt","languageId":"plaintext","version":1,"text":"hello\\nworld"}}}'
DEBUG:pygls.protocol:Notification message received.
DEBUG:pygls.protocol:Notification message received.
DEBUG:pygls.protocol:Sending notification: window/showMessage <pygls.types.ShowMessageParams object at 0x7f555f781910>
INFO:pygls.protocol:Sending data: {"jsonrpc": "2.0", "method": "window/showMessage", "params": {"type": 3, "message": "Text Document Did Open"}}
DEBUG:pygls.protocol:Received b'Content-Length: 257\r\n\r\n'
DEBUG:pygls.protocol:Received b'{"jsonrpc":"2.0","method":"textDocument/didChange","params":{"textDocument":{"uri":"file:///home/zzy/code/test/test.txt","version":2},"contentChanges":[{"range":{"start":{"line":0,"character":0},"end":{"line":1,"character":5}},"rangeLength":11,"text":""}]}}'
DEBUG:pygls.protocol:Notification message received.
DEBUG:pygls.protocol:Received b'Content-Length: 257\r\n\r\n{"jsonrpc":"2.0","method":"textDocument/didChange","params":{"textDocument":{"uri":"file:///home/zzy/code/test/test.txt","version":3},"contentChanges":[{"range":{"start":{"line":0,"character":0},"end":{"line":0,"character":0}},"rangeLength":0,"text":"h"}]}}'
DEBUG:pygls.protocol:Notification message received.
DEBUG:pygls.protocol:Received b'Content-Length: 195\r\n\r\n{"jsonrpc":"2.0","id":1,"method":"textDocument/completion","params":{"textDocument":{"uri":"file:///home/zzy/code/test/test.txt"},"position":{"line":0,"character":1},"context":{"triggerKind":1}}}'
DEBUG:pygls.protocol:Request message received.
INFO:pygls.protocol:Sending data: {"id": 1, "jsonrpc": "2.0", "result": {"isIncomplete": false, "items": [{"label": "hello", "kind": 2, "detail": null, "documentation": null, "deprecated": false, "preselect": false, "sortText": null, "filterText": null, "insertText": null, "insertTextFormat": null, "textEdit": null, "additionalTextEdits": null, "commitCharacters": null, "command": null, "data": 1}, {"label": "world", "kind": 2, "detail": null, "documentation": null, "deprecated": false, "preselect": false, "sortText": null, "filterText": null, "insertText": null, "insertTextFormat": null, "textEdit": null, "additionalTextEdits": null, "commitCharacters": null, "command": null, "data": 2}]}}
DEBUG:pygls.protocol:Received b'Content-Length: 257\r\n\r\n'
DEBUG:pygls.protocol:Received b'{"jsonrpc":"2.0","method":"textDocument/didChange","params":{"textDocument":{"uri":"file:///home/zzy/code/test/test.txt","version":4},"contentChanges":[{"range":{"start":{"line":0,"character":1},"end":{"line":0,"character":1}},"rangeLength":0,"text":"e"}]}}'
DEBUG:pygls.protocol:Notification message received.
DEBUG:pygls.protocol:Received b'Content-Length: 257\r\n\r\n{"jsonrpc":"2.0","method":"textDocument/didChange","params":{"textDocument":{"uri":"file:///home/zzy/code/test/test.txt","version":5},"contentChanges":[{"range":{"start":{"line":0,"character":2},"end":{"line":0,"character":2}},"rangeLength":0,"text":"l"}]}}'
DEBUG:pygls.protocol:Notification message received.
DEBUG:pygls.protocol:Received b'Content-Length: 261\r\n\r\n{"jsonrpc":"2.0","method":"textDocument/didChange","params":{"textDocument":{"uri":"file:///home/zzy/code/test/test.txt","version":6},"contentChanges":[{"range":{"start":{"line":0,"character":0},"end":{"line":0,"character":3}},"rangeLength":3,"text":"hello"}]}}'
DEBUG:pygls.protocol:Notification message received.
DEBUG:pygls.protocol:Received b'Content-Length: 258\r\n\r\n{"jsonrpc":"2.0","method":"textDocument/didChange","params":{"textDocument":{"uri":"file:///home/zzy/code/test/test.txt","version":7},"contentChanges":[{"range":{"start":{"line":0,"character":5},"end":{"line":0,"character":5}},"rangeLength":0,"text":"\\n"}]}}'
DEBUG:pygls.protocol:Notification message received.
DEBUG:pygls.protocol:Received b'Content-Length: 257\r\n\r\n{"jsonrpc":"2.0","method":"textDocument/didChange","params":{"textDocument":{"uri":"file:///home/zzy/code/test/test.txt","version":8},"contentChanges":[{"range":{"start":{"line":1,"character":0},"end":{"line":1,"character":0}},"rangeLength":0,"text":"w"}]}}'
DEBUG:pygls.protocol:Notification message received.
DEBUG:pygls.protocol:Received b'Content-Length: 195\r\n\r\n{"jsonrpc":"2.0","id":2,"method":"textDocument/completion","params":{"textDocument":{"uri":"file:///home/zzy/code/test/test.txt"},"position":{"line":1,"character":1},"context":{"triggerKind":1}}}'
DEBUG:pygls.protocol:Request message received.
INFO:pygls.protocol:Sending data: {"id": 2, "jsonrpc": "2.0", "result": {"isIncomplete": false, "items": [{"label": "hello", "kind": 2, "detail": null, "documentation": null, "deprecated": false, "preselect": false, "sortText": null, "filterText": null, "insertText": null, "insertTextFormat": null, "textEdit": null, "additionalTextEdits": null, "commitCharacters": null, "command": null, "data": 1}, {"label": "world", "kind": 2, "detail": null, "documentation": null, "deprecated": false, "preselect": false, "sortText": null, "filterText": null, "insertText": null, "insertTextFormat": null, "textEdit": null, "additionalTextEdits": null, "commitCharacters": null, "command": null, "data": 2}]}}
DEBUG:pygls.protocol:Received b'Content-Length: 257\r\n\r\n'
DEBUG:pygls.protocol:Received b'{"jsonrpc":"2.0","method":"textDocument/didChange","params":{"textDocument":{"uri":"file:///home/zzy/code/test/test.txt","version":9},"contentChanges":[{"range":{"start":{"line":1,"character":1},"end":{"line":1,"character":1}},"rangeLength":0,"text":"o"}]}}'
DEBUG:pygls.protocol:Notification message received.
DEBUG:pygls.protocol:Received b'Content-Length: 262\r\n\r\n{"jsonrpc":"2.0","method":"textDocument/didChange","params":{"textDocument":{"uri":"file:///home/zzy/code/test/test.txt","version":10},"contentChanges":[{"range":{"start":{"line":1,"character":0},"end":{"line":1,"character":2}},"rangeLength":2,"text":"world"}]}}'
DEBUG:pygls.protocol:Notification message received.
DEBUG:pygls.protocol:Received b'Content-Length: 134\r\n\r\n{"jsonrpc":"2.0","method":"textDocument/didSave","params":{"textDocument":{"uri":"file:///home/zzy/code/test/test.txt","version":10}}}'
DEBUG:pygls.protocol:Notification message received.
ERROR:pygls.protocol:Failed to handle notification textDocument/didSave: Object(textDocument=Object(uri='file:///home/zzy/code/test/test.txt', version=10))
Traceback (most recent call last):
  File "/home/zzy/miniconda3/lib/python3.7/site-packages/pygls/protocol.py", line 272, in _get_handler
    return self.fm.builtin_features[feature_name]
KeyError: 'textDocument/didSave'

During handling of the above exception, another exception occurred:

Traceback (most recent call last):
  File "/home/zzy/miniconda3/lib/python3.7/site-packages/pygls/protocol.py", line 275, in _get_handler
    return self.fm.features[feature_name]
KeyError: 'textDocument/didSave'

During handling of the above exception, another exception occurred:

Traceback (most recent call last):
  File "/home/zzy/miniconda3/lib/python3.7/site-packages/pygls/protocol.py", line 299, in _handle_notification
    handler = self._get_handler(method_name)
  File "/home/zzy/miniconda3/lib/python3.7/site-packages/pygls/protocol.py", line 277, in _get_handler
    raise JsonRpcMethodNotFound.of(feature_name)
pygls.exceptions.JsonRpcMethodNotFound
DEBUG:pygls.protocol:Received b'Content-Length: 58\r\n\r\n{"jsonrpc":"2.0","id":3,"method":"shutdown","params":null}'
DEBUG:pygls.protocol:Request message received.
INFO:pygls.protocol:Sending data: {"id": 3, "jsonrpc": "2.0", "result": null}
DEBUG:pygls.protocol:Received b'Content-Length: 47\r\n\r\n'
DEBUG:pygls.protocol:Received b'{"jsonrpc":"2.0","method":"exit","params":null}'
DEBUG:pygls.protocol:Notification message received.
INFO:pygls.server:Shutting down the server
INFO:pygls.server:Closing the event loop.
